<?xml version="1.0" encoding="UTF-8"?>
<!-- Generated by org.testng.reporters.JUnitXMLReporter -->
<testsuite ignored="0" hostname="TYSS-Shambhuling" failures="0" tests="2" name="Default test" time="0.052" errors="0" timestamp="2025-11-29T11:05:06 IST">
  <testcase classname="com.crm.comcast.orgTestTest_ng.CretaeOrgTestTest_Ng" name="CreateOrgTest" time="0.006"/>
  <testcase classname="com.crm.comcast.orgTestTest_ng.CretaeOrgTestTest_Ng" name="CreateOrgwithIndusrtries" time="0.001"/>
</testsuite> <!-- Default test -->
