<?xml version="1.0" encoding="UTF-8"?>
<!-- Generated by org.testng.reporters.JUnitXMLReporter -->
<testsuite ignored="2" hostname="TYSS-Shambhuling" failures="0" tests="4" name="Test" time="0.06" errors="0" timestamp="2025-11-29T11:21:00 IST">
  <testcase classname="com.crm.comcast.CONTACTTEST_testng.CreateContactTest_testng" name="CreateContact" time="0.006"/>
  <testcase classname="com.crm.comcast.CONTACTTEST_testng.CreateContactTest_testng" name="CreateContactwithIndusrtries" time="0.002"/>
  <testcase classname="com.crm.comcast.orgTestTest_ng.CretaeOrgTestTest_Ng" name="CreateOrgTest" time="0.001"/>
  <testcase classname="com.crm.comcast.orgTestTest_ng.CretaeOrgTestTest_Ng" name="CreateOrgwithIndusrtries" time="0.0"/>
  <testcase classname="com.crm.generic.baseUtility.BaseClass" name="@AfterSuite configureAS" time="0.0">
    <ignored/>
  </testcase> <!-- @AfterSuite configureAS -->
  <testcase classname="com.crm.generic.baseUtility.BaseClass" name="@BeforeSuite configureBS" time="0.0">
    <ignored/>
  </testcase> <!-- @BeforeSuite configureBS -->
</testsuite> <!-- Test -->
