<?xml version="1.0" encoding="UTF-8"?>
<testng-results ignored="0" total="4" passed="4" failed="0" skipped="0">
  <reporter-output>
  </reporter-output>
  <suite started-at="2025-11-29T11:21:00 IST" name="Suite" finished-at="2025-11-29T11:21:00 IST" duration-ms="60">
    <groups>
    </groups>
    <test started-at="2025-11-29T11:21:00 IST" name="Test" finished-at="2025-11-29T11:21:00 IST" duration-ms="60">
      <class name="com.crm.comcast.CONTACTTEST_testng.CreateContactTest_testng">
        <test-method is-config="true" signature="configureBS()[pri:0, instance:com.crm.comcast.CONTACTTEST_testng.CreateContactTest_testng@cecf639]" started-at="2025-11-29T11:21:00 IST" name="configureBS" finished-at="2025-11-29T11:21:00 IST" duration-ms="9" status="PASS">
          <reporter-output>
          </reporter-output>
        </test-method> <!-- configureBS -->
        <test-method is-config="true" signature="configBC()[pri:0, instance:com.crm.comcast.CONTACTTEST_testng.CreateContactTest_testng@cecf639]" started-at="2025-11-29T11:21:00 IST" name="configBC" finished-at="2025-11-29T11:21:00 IST" duration-ms="1" status="PASS">
          <reporter-output>
          </reporter-output>
        </test-method> <!-- configBC -->
        <test-method is-config="true" signature="configBM()[pri:0, instance:com.crm.comcast.CONTACTTEST_testng.CreateContactTest_testng@cecf639]" started-at="2025-11-29T11:21:00 IST" name="configBM" finished-at="2025-11-29T11:21:00 IST" duration-ms="1" status="PASS">
          <reporter-output>
          </reporter-output>
        </test-method> <!-- configBM -->
        <test-method signature="CreateContact()[pri:0, instance:com.crm.comcast.CONTACTTEST_testng.CreateContactTest_testng@cecf639]" started-at="2025-11-29T11:21:00 IST" name="CreateContact" finished-at="2025-11-29T11:21:00 IST" duration-ms="6" status="PASS">
          <reporter-output>
          </reporter-output>
        </test-method> <!-- CreateContact -->
        <test-method is-config="true" signature="configAM()[pri:0, instance:com.crm.comcast.CONTACTTEST_testng.CreateContactTest_testng@cecf639]" started-at="2025-11-29T11:21:00 IST" name="configAM" finished-at="2025-11-29T11:21:00 IST" duration-ms="1" status="PASS">
          <reporter-output>
          </reporter-output>
        </test-method> <!-- configAM -->
        <test-method signature="CreateContactwithIndusrtries()[pri:0, instance:com.crm.comcast.CONTACTTEST_testng.CreateContactTest_testng@cecf639]" started-at="2025-11-29T11:21:00 IST" name="CreateContactwithIndusrtries" finished-at="2025-11-29T11:21:00 IST" duration-ms="2" status="PASS">
          <reporter-output>
          </reporter-output>
        </test-method> <!-- CreateContactwithIndusrtries -->
        <test-method is-config="true" signature="configBM()[pri:0, instance:com.crm.comcast.CONTACTTEST_testng.CreateContactTest_testng@cecf639]" started-at="2025-11-29T11:21:00 IST" name="configBM" finished-at="2025-11-29T11:21:00 IST" duration-ms="0" status="PASS">
          <reporter-output>
          </reporter-output>
        </test-method> <!-- configBM -->
        <test-method is-config="true" signature="configAM()[pri:0, instance:com.crm.comcast.CONTACTTEST_testng.CreateContactTest_testng@cecf639]" started-at="2025-11-29T11:21:00 IST" name="configAM" finished-at="2025-11-29T11:21:00 IST" duration-ms="1" status="PASS">
          <reporter-output>
          </reporter-output>
        </test-method> <!-- configAM -->
        <test-method is-config="true" signature="configAc()[pri:0, instance:com.crm.comcast.CONTACTTEST_testng.CreateContactTest_testng@cecf639]" started-at="2025-11-29T11:21:00 IST" name="configAc" finished-at="2025-11-29T11:21:00 IST" duration-ms="1" status="PASS">
          <reporter-output>
          </reporter-output>
        </test-method> <!-- configAc -->
        <test-method is-config="true" signature="configureAS()[pri:0, instance:com.crm.comcast.CONTACTTEST_testng.CreateContactTest_testng@cecf639]" started-at="2025-11-29T11:21:00 IST" name="configureAS" finished-at="2025-11-29T11:21:00 IST" duration-ms="1" status="PASS">
          <reporter-output>
          </reporter-output>
        </test-method> <!-- configureAS -->
      </class> <!-- com.crm.comcast.CONTACTTEST_testng.CreateContactTest_testng -->
      <class name="com.crm.comcast.orgTestTest_ng.CretaeOrgTestTest_Ng">
        <test-method is-config="true" signature="configBC()[pri:0, instance:com.crm.comcast.orgTestTest_ng.CretaeOrgTestTest_Ng@268f106e]" started-at="2025-11-29T11:21:00 IST" name="configBC" finished-at="2025-11-29T11:21:00 IST" duration-ms="1" status="PASS">
          <reporter-output>
          </reporter-output>
        </test-method> <!-- configBC -->
        <test-method signature="CreateOrgTest()[pri:0, instance:com.crm.comcast.orgTestTest_ng.CretaeOrgTestTest_Ng@268f106e]" started-at="2025-11-29T11:21:00 IST" name="CreateOrgTest" finished-at="2025-11-29T11:21:00 IST" duration-ms="1" status="PASS">
          <reporter-output>
          </reporter-output>
        </test-method> <!-- CreateOrgTest -->
        <test-method is-config="true" signature="configBM()[pri:0, instance:com.crm.comcast.orgTestTest_ng.CretaeOrgTestTest_Ng@268f106e]" started-at="2025-11-29T11:21:00 IST" name="configBM" finished-at="2025-11-29T11:21:00 IST" duration-ms="0" status="PASS">
          <reporter-output>
          </reporter-output>
        </test-method> <!-- configBM -->
        <test-method is-config="true" signature="configAM()[pri:0, instance:com.crm.comcast.orgTestTest_ng.CretaeOrgTestTest_Ng@268f106e]" started-at="2025-11-29T11:21:00 IST" name="configAM" finished-at="2025-11-29T11:21:00 IST" duration-ms="0" status="PASS">
          <reporter-output>
          </reporter-output>
        </test-method> <!-- configAM -->
        <test-method is-config="true" signature="configBM()[pri:0, instance:com.crm.comcast.orgTestTest_ng.CretaeOrgTestTest_Ng@268f106e]" started-at="2025-11-29T11:21:00 IST" name="configBM" finished-at="2025-11-29T11:21:00 IST" duration-ms="2" status="PASS">
          <reporter-output>
          </reporter-output>
        </test-method> <!-- configBM -->
        <test-method signature="CreateOrgwithIndusrtries()[pri:0, instance:com.crm.comcast.orgTestTest_ng.CretaeOrgTestTest_Ng@268f106e]" started-at="2025-11-29T11:21:00 IST" name="CreateOrgwithIndusrtries" finished-at="2025-11-29T11:21:00 IST" duration-ms="0" status="PASS">
          <reporter-output>
          </reporter-output>
        </test-method> <!-- CreateOrgwithIndusrtries -->
        <test-method is-config="true" signature="configAM()[pri:0, instance:com.crm.comcast.orgTestTest_ng.CretaeOrgTestTest_Ng@268f106e]" started-at="2025-11-29T11:21:00 IST" name="configAM" finished-at="2025-11-29T11:21:00 IST" duration-ms="1" status="PASS">
          <reporter-output>
          </reporter-output>
        </test-method> <!-- configAM -->
        <test-method is-config="true" signature="configAc()[pri:0, instance:com.crm.comcast.orgTestTest_ng.CretaeOrgTestTest_Ng@268f106e]" started-at="2025-11-29T11:21:00 IST" name="configAc" finished-at="2025-11-29T11:21:00 IST" duration-ms="1" status="PASS">
          <reporter-output>
          </reporter-output>
        </test-method> <!-- configAc -->
      </class> <!-- com.crm.comcast.orgTestTest_ng.CretaeOrgTestTest_Ng -->
    </test> <!-- Test -->
  </suite> <!-- Suite -->
</testng-results>
