<?xml version="1.0" encoding="UTF-8"?>
<!-- Generated by org.testng.reporters.JUnitReportReporter -->
<testsuite hostname="TYSS-Shambhuling" failures="0" tests="1" name="com.comcastcCRM_ObjectRepositooryUtility.SampleTestAutoHealing" time="3.467" errors="0" timestamp="2025-11-27T17:35:34 IST" skipped="0">
  <testcase classname="com.comcastcCRM_ObjectRepositooryUtility.SampleTestAutoHealing" name="SampleTest" time="3.467"/>
</testsuite> <!-- com.comcastcCRM_ObjectRepositooryUtility.SampleTestAutoHealing -->
