<?xml version="1.0" encoding="UTF-8"?>
<!-- Generated by org.testng.reporters.JUnitReportReporter -->
<testsuite hostname="TYSS-Shambhuling" failures="0" tests="2" name="compack1_Testng.CreateContactTest_testng" time="0.008" errors="0" timestamp="2025-11-28T16:03:55 IST" skipped="0">
  <testcase classname="compack1_Testng.CreateContactTest_testng" name="CreateContact" time="0.006"/>
  <testcase classname="compack1_Testng.CreateContactTest_testng" name="CreateContactwithSupportdate" time="0.002"/>
</testsuite> <!-- compack1_Testng.CreateContactTest_testng -->
