<?xml version="1.0" encoding="UTF-8"?>
<!-- Generated by org.testng.reporters.JUnitReportReporter -->
<testsuite hostname="TYSS-Shambhuling" failures="0" tests="2" name="com.crm.comcast.orgTestTest_ng.CretaeOrgTestTest_Ng" time="0.004" errors="0" timestamp="2025-11-29T11:21:00 IST" skipped="0">
  <testcase classname="com.crm.comcast.orgTestTest_ng.CretaeOrgTestTest_Ng" name="CreateOrgTest" time="0.003"/>
  <testcase classname="com.crm.comcast.orgTestTest_ng.CretaeOrgTestTest_Ng" name="CreateOrgwithIndusrtries" time="0.001"/>
</testsuite> <!-- com.crm.comcast.orgTestTest_ng.CretaeOrgTestTest_Ng -->
