<?xml version="1.0" encoding="UTF-8"?>
<!-- Generated by org.testng.reporters.JUnitReportReporter -->
<testsuite hostname="TYSS-Shambhuling" failures="0" tests="2" name="com.crm.comcast.CONTACTTEST_testng.CreateContactTest_testng" time="0.011" errors="0" timestamp="2025-11-29T11:21:00 IST" skipped="0">
  <testcase classname="com.crm.comcast.CONTACTTEST_testng.CreateContactTest_testng" name="CreateContact" time="0.008"/>
  <testcase classname="com.crm.comcast.CONTACTTEST_testng.CreateContactTest_testng" name="CreateContactwithIndusrtries" time="0.003"/>
</testsuite> <!-- com.crm.comcast.CONTACTTEST_testng.CreateContactTest_testng -->
